<?xml version="1.0" encoding="UTF-8"?>
<!-- Generated by org.testng.reporters.JUnitXMLReporter -->
<testsuite hostname="Rachit-PC" ignored="0" name="Test" tests="2" failures="1" timestamp="17 Nov 2017 17:40:56 GMT" time="4.307" errors="0">
  <testcase name="sendMessageTest" time="4.276" classname="plivo.com.test.SendMessage"/>
  <testcase name="getMessageTest" time="0.002" classname="plivo.com.test.GetMessage">
    <failure type="java.lang.NullPointerException">
      <![CDATA[java.lang.NullPointerException
	at plivo.com.test.GetMessage.getMessageTest(GetMessage.java:28)
... Removed 25 stack frames]]>
    </failure>
  </testcase> <!-- getMessageTest -->
</testsuite> <!-- Test -->
